<?xml version="1.0" encoding="UTF-8"?>
<testsuite name="com.example.FluxYMonoTest" tests="5" skipped="0" failures="0" errors="0" timestamp="2025-07-16T20:08:33" hostname="windowsserver" time="0.378">
  <properties/>
  <testcase name="testFluxReduce()" classname="com.example.FluxYMonoTest" time="0.352"/>
  <testcase name="testCodigoAnalisis()" classname="com.example.FluxYMonoTest" time="0.009"/>
  <testcase name="testFluxFilterAndMap()" classname="com.example.FluxYMonoTest" time="0.005"/>
  <testcase name="testMonoExitoso()" classname="com.example.FluxYMonoTest" time="0.004"/>
  <testcase name="testMonoConError()" classname="com.example.FluxYMonoTest" time="0.001"/>
  <system-out><![CDATA[]]></system-out>
  <system-err><![CDATA[]]></system-err>
</testsuite>
